<?xml version="1.0" encoding="UTF-8"?>
<!-- Generated by org.testng.reporters.JUnitXMLReporter -->
<testsuite ignored="1" hostname="DESKTOP-UOSJI6I" failures="0" tests="1" name="Default test" time="34.633" errors="0" timestamp="2022-08-03T11:31:39 IST">
  <testcase classname="com.appiumbasics.swaglabs.BasicGestures" name="swipeFromRightToLeftTest" time="20.694"/>
  <testcase classname="com.appiumbasics.swaglabs.BasicGestures" name="scrollTillFinalUser" time="0.0">
    <ignored/>
  </testcase> <!-- scrollTillFinalUser -->
</testsuite> <!-- Default test -->
