<?xml version="1.0" encoding="UTF-8"?>
<testng-results ignored="0" total="1" passed="1" failed="0" skipped="0">
  <reporter-output>
  </reporter-output>
  <suite started-at="2022-07-18T11:10:39 IST" name="Default suite" finished-at="2022-07-18T11:11:12 IST" duration-ms="32839">
    <groups>
    </groups>
    <test started-at="2022-07-18T11:10:39 IST" name="Default test" finished-at="2022-07-18T11:11:12 IST" duration-ms="32839">
      <class name="com.appiumbasics.SendingMessages">
        <test-method is-config="true" signature="setup()[pri:0, instance:com.appiumbasics.SendingMessages@505fc5a4]" started-at="2022-07-18T11:10:39 IST" name="setup" finished-at="2022-07-18T11:10:58 IST" duration-ms="19004" status="PASS">
          <reporter-output>
          </reporter-output>
        </test-method> <!-- setup -->
        <test-method signature="sendMessage()[pri:0, instance:com.appiumbasics.SendingMessages@505fc5a4]" started-at="2022-07-18T11:10:58 IST" name="sendMessage" finished-at="2022-07-18T11:11:12 IST" duration-ms="13777" status="PASS">
          <reporter-output>
          </reporter-output>
        </test-method> <!-- sendMessage -->
      </class> <!-- com.appiumbasics.SendingMessages -->
    </test> <!-- Default test -->
  </suite> <!-- Default suite -->
</testng-results>
