<?xml version="1.0" encoding="UTF-8"?>
<testng-results ignored="0" total="1" passed="1" failed="0" skipped="0">
  <reporter-output>
  </reporter-output>
  <suite started-at="2022-08-17T10:33:42 IST" name="Default suite" finished-at="2022-08-17T10:34:10 IST" duration-ms="27796">
    <groups>
    </groups>
    <test started-at="2022-08-17T10:33:42 IST" name="Default test" finished-at="2022-08-17T10:34:10 IST" duration-ms="27796">
      <class name="com.appiumbasics.HandlingAutoCompleteDropdown">
        <test-method is-config="true" signature="setup()[pri:0, instance:com.appiumbasics.HandlingAutoCompleteDropdown@20ccf40b]" started-at="2022-08-17T10:33:42 IST" name="setup" finished-at="2022-08-17T10:33:59 IST" duration-ms="17045" status="PASS">
          <reporter-output>
          </reporter-output>
        </test-method> <!-- setup -->
        <test-method signature="handlingDropdownTest()[pri:0, instance:com.appiumbasics.HandlingAutoCompleteDropdown@20ccf40b]" started-at="2022-08-17T10:33:59 IST" name="handlingDropdownTest" finished-at="2022-08-17T10:34:10 IST" duration-ms="10655" status="PASS">
          <reporter-output>
          </reporter-output>
        </test-method> <!-- handlingDropdownTest -->
      </class> <!-- com.appiumbasics.HandlingAutoCompleteDropdown -->
    </test> <!-- Default test -->
  </suite> <!-- Default suite -->
</testng-results>
